
> spc-175-birn-dot-cc@0.7.0 build /home/b/spc-175
> astro build

11:55:54 AM [content] Unsupported file types found. Prefix with an underscore (`_`) to ignore:
- config.ts.bak
11:55:54 AM [content] Types generated 78ms
11:55:54 AM [build] output target: static
11:55:54 AM [build] Collecting build info...
11:55:54 AM [build] Completed in 524ms.
11:55:54 AM [build] Building static entrypoints...
11:55:58 AM [build] Completed in 4.15s.

 building client 
Completed in 1.80s.


 generating static routes 
▶ src/pages/index.astro
  └─ /index.html (+25ms)
▶ src/pages/175-timeline.astro
  └─ /175-timeline/index.html (+9ms)
▶ src/pages/facilities.astro
  └─ /facilities/index.html (+9ms)
▶ src/pages/projects/index.astro
  └─ /projects/index.html (+16ms)
▶ src/pages/projects/detail.astro
  └─ /projects/detail/index.html (+19ms)
▶ src/pages/projects/new.astro
  └─ /projects/new/index.html (+18ms)
▶ src/pages/gallery.astro
  └─ /gallery/index.html (+7ms)
▶ src/pages/author/index.astro
  └─ /author/index.html (+12ms)
▶ src/pages/author/new-blog.astro
  └─ /author/new-blog/index.html (+10ms)
▶ src/pages/author/edit.astro
  └─ /author/edit/index.html (+4ms)
▶ src/pages/author/new.astro
  └─ /author/new/index.html (+5ms)
▶ src/pages/blogs/index.astro
  └─ /blogs/index.html (+9ms)
▶ src/pages/blogs/entry.astro
  └─ /blogs/entry/index.html (+9ms)
▶ src/pages/auth/activate.astro
  └─ /auth/activate/index.html (+13ms)
▶ src/pages/auth/signin.astro
  └─ /auth/signin/index.html (+11ms)
▶ src/pages/auth/login.astro
  └─ /auth/login/index.html (+7ms)
▶ src/pages/[...slug].astro
